[   21093ms] [ERROR] Refused to apply style from 'https://manmabuono.jp/cdn/shop/t/2/assets/c_common.css?v=9039' because its MIME type ('text/html') is not a supported stylesheet MIME type, and strict MIME checking is enabled. @ https://manmabuono.jp/:35
[   21143ms] [ERROR] Refused to apply style from 'https://manmabuono.jp/cdn/shop/t/2/assets/c_common.css?v=9039' because its MIME type ('text/html') is not a supported stylesheet MIME type, and strict MIME checking is enabled. @ https://manmabuono.jp/:702
[   22014ms] [ERROR] Failed to load resource: the server responded with a status of 404 () @ https://manmabuono.jp/products/dog-food:0
[   22029ms] [ERROR] Refused to apply style from 'https://manmabuono.jp/cdn/shop/t/2/assets/c_common.css?v=9039' because its MIME type ('text/html') is not a supported stylesheet MIME type, and strict MIME checking is enabled. @ https://manmabuono.jp/products/dog-food:700
[   22453ms] [ERROR] Refused to apply style from 'https://manmabuono.jp/cdn/shop/t/2/assets/c_common.css?v=9039' because its MIME type ('text/html') is not a supported stylesheet MIME type, and strict MIME checking is enabled. @ https://manmabuono.jp/collections/dog-all:0
[   22474ms] [ERROR] Refused to apply style from 'https://manmabuono.jp/cdn/shop/t/2/assets/c_common.css?v=9039' because its MIME type ('text/html') is not a supported stylesheet MIME type, and strict MIME checking is enabled. @ https://manmabuono.jp/collections/dog-all:702
[   22776ms] [LOG] not exsits cart-attributes-delivery-datetime @ https://shopify-statics.amp-cdn.tokyo/cart-delivery-datetime/prd/script_tags/cart_attributes.js?shop=007a21-4.myshopify.com:544
[   64912ms] [ERROR] Refused to apply style from 'https://manmabuono.jp/cdn/shop/t/2/assets/c_common.css?v=9039' because its MIME type ('text/html') is not a supported stylesheet MIME type, and strict MIME checking is enabled. @ https://manmabuono.jp/:702
[   65001ms] [LOG] not exsits cart-attributes-delivery-datetime @ https://shopify-statics.amp-cdn.tokyo/cart-delivery-datetime/prd/script_tags/cart_attributes.js?shop=007a21-4.myshopify.com:544
[   65045ms] TypeError: Cannot read properties of null (reading 'classList')
    at https://manmabuono.jp/cdn/shop/t/2/assets/c_main.js?v=129223141339640143861714806079:1:2260
[   65085ms] TypeError: Cannot read properties of null (reading 'classList')
    at https://manmabuono.jp/cdn/shop/t/2/assets/c_main.js?v=129223141339640143861714806079:1:2260
[   65930ms] TypeError: Cannot read properties of null (reading 'classList')
    at https://manmabuono.jp/cdn/shop/t/2/assets/c_main.js?v=129223141339640143861714806079:1:2260
[   66474ms] [ERROR] Refused to apply style from 'https://manmabuono.jp/cdn/shop/t/2/assets/c_common.css?v=9039' because its MIME type ('text/html') is not a supported stylesheet MIME type, and strict MIME checking is enabled. @ https://manmabuono.jp/collections/dog-all:702
[   66626ms] [LOG] not exsits cart-attributes-delivery-datetime @ https://shopify-statics.amp-cdn.tokyo/cart-delivery-datetime/prd/script_tags/cart_attributes.js?shop=007a21-4.myshopify.com:544
[   68287ms] [ERROR] Refused to apply style from 'https://manmabuono.jp/cdn/shop/t/2/assets/c_common.css?v=9039' because its MIME type ('text/html') is not a supported stylesheet MIME type, and strict MIME checking is enabled. @ https://manmabuono.jp/products/dog-trial-set:0
[   68307ms] [ERROR] Refused to apply style from 'https://manmabuono.jp/cdn/shop/t/2/assets/c_common.css?v=9039' because its MIME type ('text/html') is not a supported stylesheet MIME type, and strict MIME checking is enabled. @ https://manmabuono.jp/products/dog-trial-set:708
[   68434ms] [LOG] not exsits cart-attributes-delivery-datetime @ https://shopify-statics.amp-cdn.tokyo/cart-delivery-datetime/prd/script_tags/cart_attributes.js?shop=007a21-4.myshopify.com:544
[   69917ms] [ERROR] Refused to apply style from 'https://manmabuono.jp/cdn/shop/t/2/assets/c_common.css?v=9039' because its MIME type ('text/html') is not a supported stylesheet MIME type, and strict MIME checking is enabled. @ https://manmabuono.jp/blogs/news:0
[   69928ms] [ERROR] Refused to apply style from 'https://manmabuono.jp/cdn/shop/t/2/assets/c_common.css?v=9039' because its MIME type ('text/html') is not a supported stylesheet MIME type, and strict MIME checking is enabled. @ https://manmabuono.jp/blogs/news:702
[   70514ms] [LOG] not exsits cart-attributes-delivery-datetime @ https://shopify-statics.amp-cdn.tokyo/cart-delivery-datetime/prd/script_tags/cart_attributes.js?shop=007a21-4.myshopify.com:544
[   71915ms] [ERROR] Failed to load resource: the server responded with a status of 404 () @ https://manmabuono.jp/pages/about:0
[   71930ms] [ERROR] Refused to apply style from 'https://manmabuono.jp/cdn/shop/t/2/assets/c_common.css?v=9039' because its MIME type ('text/html') is not a supported stylesheet MIME type, and strict MIME checking is enabled. @ https://manmabuono.jp/pages/about:700
[   72596ms] [LOG] not exsits cart-attributes-delivery-datetime @ https://shopify-statics.amp-cdn.tokyo/cart-delivery-datetime/prd/script_tags/cart_attributes.js?shop=007a21-4.myshopify.com:544
[   74088ms] [ERROR] Refused to apply style from 'https://manmabuono.jp/cdn/shop/t/2/assets/c_common.css?v=9039' because its MIME type ('text/html') is not a supported stylesheet MIME type, and strict MIME checking is enabled. @ https://manmabuono.jp/pages/guide:687
[   74105ms] [ERROR] Refused to apply style from 'https://manmabuono.jp/cdn/shop/t/2/assets/c_common.css?v=9039' because its MIME type ('text/html') is not a supported stylesheet MIME type, and strict MIME checking is enabled. @ https://manmabuono.jp/pages/guide:700
[   74985ms] [LOG] not exsits cart-attributes-delivery-datetime @ https://shopify-statics.amp-cdn.tokyo/cart-delivery-datetime/prd/script_tags/cart_attributes.js?shop=007a21-4.myshopify.com:544
[   76503ms] [ERROR] Refused to apply style from 'https://manmabuono.jp/cdn/shop/t/2/assets/c_common.css?v=9039' because its MIME type ('text/html') is not a supported stylesheet MIME type, and strict MIME checking is enabled. @ https://manmabuono.jp/cart:0
[   76531ms] [ERROR] Refused to apply style from 'https://manmabuono.jp/cdn/shop/t/2/assets/c_common.css?v=9039' because its MIME type ('text/html') is not a supported stylesheet MIME type, and strict MIME checking is enabled. @ https://manmabuono.jp/cart:702
[   76557ms] [WARNING] [DEPRECATED] Default export is deprecated. Instead use `import { create } from 'zustand'`. @ https://cdn.shopify.com/extensions/019f0463-fe53-747d-8b06-1c83ae02a35b/api-client-44-232/assets/bundle.js:20
[   77159ms] [LOG] exists new ui dom @ https://shopify-statics.amp-cdn.tokyo/cart-delivery-datetime/prd/script_tags/cart_attributes.js?shop=007a21-4.myshopify.com:536
[   78688ms] [ERROR] Refused to apply style from 'https://manmabuono.jp/cdn/shop/t/2/assets/c_common.css?v=9039' because its MIME type ('text/html') is not a supported stylesheet MIME type, and strict MIME checking is enabled. @ https://manmabuono.jp/search?q=dog:0
[   78698ms] [ERROR] Refused to apply style from 'https://manmabuono.jp/cdn/shop/t/2/assets/c_common.css?v=9039' because its MIME type ('text/html') is not a supported stylesheet MIME type, and strict MIME checking is enabled. @ https://manmabuono.jp/search?q=dog:702
[   79389ms] [LOG] not exsits cart-attributes-delivery-datetime @ https://shopify-statics.amp-cdn.tokyo/cart-delivery-datetime/prd/script_tags/cart_attributes.js?shop=007a21-4.myshopify.com:544
[  170072ms] [ERROR] Refused to apply style from 'https://manmabuono.jp/cdn/shop/t/2/assets/c_common.css?v=9040' because its MIME type ('text/html') is not a supported stylesheet MIME type, and strict MIME checking is enabled. @ https://manmabuono.jp/products/dog-trial-set:708
[  170201ms] [LOG] not exsits cart-attributes-delivery-datetime @ https://shopify-statics.amp-cdn.tokyo/cart-delivery-datetime/prd/script_tags/cart_attributes.js?shop=007a21-4.myshopify.com:544
[  172668ms] [ERROR] Refused to apply style from 'https://manmabuono.jp/cdn/shop/t/2/assets/c_common.css?v=9040' because its MIME type ('text/html') is not a supported stylesheet MIME type, and strict MIME checking is enabled. @ https://manmabuono.jp/collections/dog-all:0
[  172676ms] [ERROR] Refused to apply style from 'https://manmabuono.jp/cdn/shop/t/2/assets/c_common.css?v=9040' because its MIME type ('text/html') is not a supported stylesheet MIME type, and strict MIME checking is enabled. @ https://manmabuono.jp/collections/dog-all:702
[  172774ms] [LOG] not exsits cart-attributes-delivery-datetime @ https://shopify-statics.amp-cdn.tokyo/cart-delivery-datetime/prd/script_tags/cart_attributes.js?shop=007a21-4.myshopify.com:544
[  175293ms] [ERROR] Refused to apply style from 'https://manmabuono.jp/cdn/shop/t/2/assets/c_common.css?v=9040' because its MIME type ('text/html') is not a supported stylesheet MIME type, and strict MIME checking is enabled. @ https://manmabuono.jp/:0
[  175316ms] [ERROR] Refused to apply style from 'https://manmabuono.jp/cdn/shop/t/2/assets/c_common.css?v=9040' because its MIME type ('text/html') is not a supported stylesheet MIME type, and strict MIME checking is enabled. @ https://manmabuono.jp/:702
[  175410ms] [LOG] not exsits cart-attributes-delivery-datetime @ https://shopify-statics.amp-cdn.tokyo/cart-delivery-datetime/prd/script_tags/cart_attributes.js?shop=007a21-4.myshopify.com:544
[  175449ms] TypeError: Cannot read properties of null (reading 'classList')
    at https://manmabuono.jp/cdn/shop/t/2/assets/c_main.js?v=129223141339640143861714806079:1:2260
[  175498ms] TypeError: Cannot read properties of null (reading 'classList')
    at https://manmabuono.jp/cdn/shop/t/2/assets/c_main.js?v=129223141339640143861714806079:1:2260
[  176960ms] TypeError: Cannot read properties of null (reading 'classList')
    at https://manmabuono.jp/cdn/shop/t/2/assets/c_main.js?v=129223141339640143861714806079:1:2260
[  177944ms] [ERROR] Refused to apply style from 'https://manmabuono.jp/cdn/shop/t/2/assets/c_common.css?v=9040' because its MIME type ('text/html') is not a supported stylesheet MIME type, and strict MIME checking is enabled. @ https://manmabuono.jp/blogs/news:0
[  177952ms] [ERROR] Refused to apply style from 'https://manmabuono.jp/cdn/shop/t/2/assets/c_common.css?v=9040' because its MIME type ('text/html') is not a supported stylesheet MIME type, and strict MIME checking is enabled. @ https://manmabuono.jp/blogs/news:702
[  178017ms] [LOG] not exsits cart-attributes-delivery-datetime @ https://shopify-statics.amp-cdn.tokyo/cart-delivery-datetime/prd/script_tags/cart_attributes.js?shop=007a21-4.myshopify.com:544
[  253170ms] [ERROR] Refused to apply style from 'https://manmabuono.jp/cdn/shop/t/2/assets/c_common.css?v=9040' because its MIME type ('text/html') is not a supported stylesheet MIME type, and strict MIME checking is enabled. @ https://manmabuono.jp/blogs/news:702
[  253303ms] [LOG] not exsits cart-attributes-delivery-datetime @ https://shopify-statics.amp-cdn.tokyo/cart-delivery-datetime/prd/script_tags/cart_attributes.js?shop=007a21-4.myshopify.com:544
[  253513ms] [ERROR] Failed to load resource: the server responded with a status of 404 () @ https://manmabuono.jp/404-test-xyz:0
[  253518ms] [ERROR] Refused to apply style from 'https://manmabuono.jp/cdn/shop/t/2/assets/c_common.css?v=9040' because its MIME type ('text/html') is not a supported stylesheet MIME type, and strict MIME checking is enabled. @ https://manmabuono.jp/404-test-xyz:0
[  253530ms] [ERROR] Refused to apply style from 'https://manmabuono.jp/cdn/shop/t/2/assets/c_common.css?v=9040' because its MIME type ('text/html') is not a supported stylesheet MIME type, and strict MIME checking is enabled. @ https://manmabuono.jp/404-test-xyz:700
[  254210ms] [LOG] not exsits cart-attributes-delivery-datetime @ https://shopify-statics.amp-cdn.tokyo/cart-delivery-datetime/prd/script_tags/cart_attributes.js?shop=007a21-4.myshopify.com:544
[  255291ms] [ERROR] Refused to apply style from 'https://manmabuono.jp/cdn/shop/t/2/assets/c_common.css?v=9040' because its MIME type ('text/html') is not a supported stylesheet MIME type, and strict MIME checking is enabled. @ https://manmabuono.jp/blogs/news/%EF%BC%91%EF%BC%92%E6%9C%88%EF%BC%92%EF%BC%96%E6%97%A5%E3%81%8B%E3%82%89%EF%BC%91%E6%9C%88%EF%BC%95%E6%97%A5%E3%81%BE%E3%81%A7%E4%BC%91%E6%A5%AD%E3%81%95%E3%81%9B%E3%81%A6%E3%81%84%E3%81%9F%E3%81%A0%E3%81%8D%E3%81%BE%E3%81%99-%E4%BB%8A%E5%B9%B4%E3%82%82%E3%81%9F%E3%81%8F%E3%81%95%E3%82%93%E3%81%AE%E9%A3%BC%E3%81%84%E4%B8%BB%E3%81%95%E3%82%93%E3%81%AB%E5%87%BA%E4%BC%9A%E3%81%88%E3%82%8B%E3%81%93%E3%81%A8%E3%81%8C%E3%81%A7%E3%81%8D%E3%81%A6%E6%84%9F%E8%AC%9D%E3%81%A7%E3%81%99-%E6%9D%A5%E5%B9%B4%E3%82%82%E3%81%A9%E3%81%86%E3%81%9E%E3%82%88%E3%82%8D%E3%81%97%E3%81%8F%E3%81%8A%E9%A1%98%E3%81%84%E3%81%84%E3%81%9F%E3%81%97%E3%81%BE%E3%81%99:701
[  255914ms] [LOG] not exsits cart-attributes-delivery-datetime @ https://shopify-statics.amp-cdn.tokyo/cart-delivery-datetime/prd/script_tags/cart_attributes.js?shop=007a21-4.myshopify.com:544
[  634362ms] [ERROR] Failed to load resource: the server responded with a status of 404 () @ https://manmabuono.jp/pages/about:0
[  634736ms] [ERROR] Refused to apply style from 'https://manmabuono.jp/cdn/shop/t/2/assets/c_common.css?v=9062' because its MIME type ('text/html') is not a supported stylesheet MIME type, and strict MIME checking is enabled. @ https://manmabuono.jp/pages/about:700
[  634779ms] [LOG] not exsits cart-attributes-delivery-datetime @ https://shopify-statics.amp-cdn.tokyo/cart-delivery-datetime/prd/script_tags/cart_attributes.js?shop=007a21-4.myshopify.com:544
